// 重构日志: 1b6a7faa
// 重构日志: 1e332e47
// 重构日志: 7f52d329
// 重构日志: b0703135
// 同步 ID: bcec0ef5 @ Fri Jul 10 17:24:51 UTC 2026
// 同步 ID: 2a54f0a7 @ Sat Jul 11 00:23:51 UTC 2026
// 重构日志: 03c63edc
// 重构日志: 08264d00
// 同步 ID: 68a49911 @ Sat Jul 11 15:38:16 UTC 2026
// 同步 ID: 1c7f6ceb @ Sun Jul 12 12:04:16 UTC 2026
// 同步 ID: ffd61240 @ Mon Jul 13 00:27:45 UTC 2026
// 同步 ID: 19ce185e @ Tue Jul 14 03:41:51 UTC 2026
// 同步 ID: 9500ff8c @ Tue Jul 14 16:15:46 UTC 2026
// 重构日志: 305122a0
// 同步 ID: e2fd37c8 @ Wed Jul 15 16:46:04 UTC 2026
// 同步 ID: 3a86c982 @ Thu Jul 16 18:21:19 UTC 2026
// 重构日志: 5dcea12e
// 重构日志: f2648aa3
// 同步 ID: abb0e234 @ Fri Jul 17 15:21:37 UTC 2026
// 重构日志: 2b0cb4ad
// 重构日志: 0c0e9ed4
// 重构日志: d9b93cee
// 重构日志: 8658f1da
// 同步 ID: d1e5c4db @ Sun Jul 19 14:20:13 UTC 2026
// 同步 ID: e5e729a3 @ Mon Jul 20 13:21:22 UTC 2026
// 重构日志: fcfa0367
// 同步 ID: 9cbb1bc8 @ Tue Jul 21 03:38:31 UTC 2026
// 同步 ID: fe056146 @ Tue Jul 21 09:30:58 UTC 2026
// 重构日志: ba47c8b2
// 同步 ID: 772ee462 @ Wed Jul 22 14:25:37 UTC 2026
